
**** Clean-only build of configuration Debug for project P2-PORTS ****

/home/ricard/ti/ccsv8/utils/bin/gmake -k -j 4 clean -O 
 
rm -rf  "P2-PORTS.hex"  "P2-PORTS.out" 
rm -rf "Practica_02 PAE_Alumnes.obj" "startup_msp432p401r_ccs.obj" "system_msp432p401r.obj" 
rm -rf "Practica_02 PAE_Alumnes.d" "startup_msp432p401r_ccs.d" "system_msp432p401r.d" 
Finished clean
 

**** Build Finished ****

**** Build of configuration Debug for project P2-PORTS ****

/home/ricard/ti/ccsv8/utils/bin/gmake -k -j 4 all -O 
 
Building file: "../startup_msp432p401r_ccs.c"
Invoking: ARM Compiler
"/home/ricard/ti/ccsv8/tools/compiler/ti-cgt-arm_18.1.2.LTS/bin/armcl" -mv7M4 --code_state=16 --float_support=FPv4SPD16 -me --include_path="/home/ricard/ti/ccsv8/ccs_base/arm/include" --include_path="/home/ricard/ti/ccsv8/ccs_base/arm/include/CMSIS" --include_path="/home/ricard/Dropbox/Universidad/Asignaturas/2018-2019/Programació d'Arquitectures Encastades/CCSWS/P2-PORTS" --include_path="/home/ricard/ti/ccsv8/tools/compiler/ti-cgt-arm_18.1.2.LTS/include" --advice:power=all --define=__MSP432P401R__ --define=ccs -g --gcc --diag_warning=225 --diag_wrap=off --display_error_number --abi=eabi --preproc_with_compile --preproc_dependency="startup_msp432p401r_ccs.d_raw"  "../startup_msp432p401r_ccs.c"
Finished building: "../startup_msp432p401r_ccs.c"
 
Building file: "../system_msp432p401r.c"
Invoking: ARM Compiler
"/home/ricard/ti/ccsv8/tools/compiler/ti-cgt-arm_18.1.2.LTS/bin/armcl" -mv7M4 --code_state=16 --float_support=FPv4SPD16 -me --include_path="/home/ricard/ti/ccsv8/ccs_base/arm/include" --include_path="/home/ricard/ti/ccsv8/ccs_base/arm/include/CMSIS" --include_path="/home/ricard/Dropbox/Universidad/Asignaturas/2018-2019/Programació d'Arquitectures Encastades/CCSWS/P2-PORTS" --include_path="/home/ricard/ti/ccsv8/tools/compiler/ti-cgt-arm_18.1.2.LTS/include" --advice:power=all --define=__MSP432P401R__ --define=ccs -g --gcc --diag_warning=225 --diag_wrap=off --display_error_number --abi=eabi --preproc_with_compile --preproc_dependency="system_msp432p401r.d_raw"  "../system_msp432p401r.c"
"../system_msp432p401r.c", line 156: remark #2623-D: (ULP 5.4) Detected an assignment to a type with size less than int. To avoid unnecessary sign extension, use int-sized types for local varaibles and convert to smaller types for static storage.
"../system_msp432p401r.c", line 189: remark #2623-D: (ULP 5.4) Detected an assignment to a type with size less than int. To avoid unnecessary sign extension, use int-sized types for local varaibles and convert to smaller types for static storage.
Finished building: "../system_msp432p401r.c"
 
Building file: "../Practica_02 PAE_Alumnes.c"
Invoking: ARM Compiler
"/home/ricard/ti/ccsv8/tools/compiler/ti-cgt-arm_18.1.2.LTS/bin/armcl" -mv7M4 --code_state=16 --float_support=FPv4SPD16 -me --include_path="/home/ricard/ti/ccsv8/ccs_base/arm/include" --include_path="/home/ricard/ti/ccsv8/ccs_base/arm/include/CMSIS" --include_path="/home/ricard/Dropbox/Universidad/Asignaturas/2018-2019/Programació d'Arquitectures Encastades/CCSWS/P2-PORTS" --include_path="/home/ricard/ti/ccsv8/tools/compiler/ti-cgt-arm_18.1.2.LTS/include" --advice:power=all --define=__MSP432P401R__ --define=ccs -g --gcc --diag_warning=225 --diag_wrap=off --display_error_number --abi=eabi --preproc_with_compile --preproc_dependency="Practica_02 PAE_Alumnes.d_raw"  "../Practica_02 PAE_Alumnes.c"
Finished building: "../Practica_02 PAE_Alumnes.c"
 
Building target: "P2-PORTS.out"
Invoking: ARM Linker
"/home/ricard/ti/ccsv8/tools/compiler/ti-cgt-arm_18.1.2.LTS/bin/armcl" -mv7M4 --code_state=16 --float_support=FPv4SPD16 -me --advice:power=all --define=__MSP432P401R__ --define=ccs -g --gcc --diag_warning=225 --diag_wrap=off --display_error_number --abi=eabi -z -m"P2-PORTS.map" --heap_size=1024 --stack_size=512 -i"/home/ricard/ti/ccsv8/ccs_base/arm/include" -i"/home/ricard/ti/ccsv8/tools/compiler/ti-cgt-arm_18.1.2.LTS/lib" -i"/home/ricard/ti/ccsv8/tools/compiler/ti-cgt-arm_18.1.2.LTS/include" --reread_libs --diag_wrap=off --display_error_number --warn_sections --xml_link_info="P2-PORTS_linkInfo.xml" --rom_model -o "P2-PORTS.out" "./Practica_02 PAE_Alumnes.obj" "./startup_msp432p401r_ccs.obj" "./system_msp432p401r.obj" "../lib_PAE2.lib" "../msp432p401r.cmd"  -llibc.a 
<Linking>
"../Practica_02 PAE_Alumnes.c", line 223: remark #1532-D: (ULP 5.3) Detected sprintf() operation(s). Recommend moving them to RAM during run time or not using as these are processing/power intensive
remark #10371-D: (ULP 1.1) Detected no uses of low power mode state changing instructions
remark #10372-D: (ULP 4.1) Detected uninitialized Port 1 in this project. Recommend initializing all unused ports to eliminate wasted current consumption on unused pins.
remark #10372-D: (ULP 4.1) Detected uninitialized Port 6 in this project. Recommend initializing all unused ports to eliminate wasted current consumption on unused pins.
remark #10372-D: (ULP 4.1) Detected uninitialized Port 8 in this project. Recommend initializing all unused ports to eliminate wasted current consumption on unused pins.
remark #10372-D: (ULP 4.1) Detected uninitialized Port 9 in this project. Recommend initializing all unused ports to eliminate wasted current consumption on unused pins.
remark #10372-D: (ULP 4.1) Detected uninitialized Port 10 in this project. Recommend initializing all unused ports to eliminate wasted current consumption on unused pins.
Finished building target: "P2-PORTS.out"
 

**** Build Finished ****

**** Build of configuration Debug for project P2-PORTS ****

/home/ricard/ti/ccsv8/utils/bin/gmake -k -j 4 all -O 
 
gmake[1]: 'P2-PORTS.out' is up to date.

**** Build Finished ****

**** Build of configuration Debug for project P2-PORTS ****

/home/ricard/ti/ccsv8/utils/bin/gmake -k -j 4 all -O 
 
Building file: "../Practica_02 PAE_Alumnes.c"
Invoking: ARM Compiler
"/home/ricard/ti/ccsv8/tools/compiler/ti-cgt-arm_18.1.2.LTS/bin/armcl" -mv7M4 --code_state=16 --float_support=FPv4SPD16 -me --include_path="/home/ricard/ti/ccsv8/ccs_base/arm/include" --include_path="/home/ricard/ti/ccsv8/ccs_base/arm/include/CMSIS" --include_path="/home/ricard/Dropbox/Universidad/Asignaturas/2018-2019/Programació d'Arquitectures Encastades/CCSWS/P2-PORTS" --include_path="/home/ricard/ti/ccsv8/tools/compiler/ti-cgt-arm_18.1.2.LTS/include" --advice:power=all --define=__MSP432P401R__ --define=ccs -g --gcc --diag_warning=225 --diag_wrap=off --display_error_number --abi=eabi --preproc_with_compile --preproc_dependency="Practica_02 PAE_Alumnes.d_raw"  "../Practica_02 PAE_Alumnes.c"
"../Practica_02 PAE_Alumnes.c", line 238: remark #1532-D: (ULP 5.3) Detected sprintf() operation(s). Recommend moving them to RAM during run time or not using as these are processing/power intensive
Finished building: "../Practica_02 PAE_Alumnes.c"
 
Building target: "P2-PORTS.out"
Invoking: ARM Linker
"/home/ricard/ti/ccsv8/tools/compiler/ti-cgt-arm_18.1.2.LTS/bin/armcl" -mv7M4 --code_state=16 --float_support=FPv4SPD16 -me --advice:power=all --define=__MSP432P401R__ --define=ccs -g --gcc --diag_warning=225 --diag_wrap=off --display_error_number --abi=eabi -z -m"P2-PORTS.map" --heap_size=1024 --stack_size=512 -i"/home/ricard/ti/ccsv8/ccs_base/arm/include" -i"/home/ricard/ti/ccsv8/tools/compiler/ti-cgt-arm_18.1.2.LTS/lib" -i"/home/ricard/ti/ccsv8/tools/compiler/ti-cgt-arm_18.1.2.LTS/include" --reread_libs --diag_wrap=off --display_error_number --warn_sections --xml_link_info="P2-PORTS_linkInfo.xml" --rom_model -o "P2-PORTS.out" "./Practica_02 PAE_Alumnes.obj" "./startup_msp432p401r_ccs.obj" "./system_msp432p401r.obj" "../lib_PAE2.lib" "../msp432p401r.cmd"  -llibc.a 
<Linking>
remark #10371-D: (ULP 1.1) Detected no uses of low power mode state changing instructions
remark #10372-D: (ULP 4.1) Detected uninitialized Port 1 in this project. Recommend initializing all unused ports to eliminate wasted current consumption on unused pins.
remark #10372-D: (ULP 4.1) Detected uninitialized Port 6 in this project. Recommend initializing all unused ports to eliminate wasted current consumption on unused pins.
remark #10372-D: (ULP 4.1) Detected uninitialized Port 8 in this project. Recommend initializing all unused ports to eliminate wasted current consumption on unused pins.
remark #10372-D: (ULP 4.1) Detected uninitialized Port 9 in this project. Recommend initializing all unused ports to eliminate wasted current consumption on unused pins.
remark #10372-D: (ULP 4.1) Detected uninitialized Port 10 in this project. Recommend initializing all unused ports to eliminate wasted current consumption on unused pins.
Finished building target: "P2-PORTS.out"
 

**** Build Finished ****

**** Build of configuration Debug for project P2-PORTS ****

/home/ricard/ti/ccsv8/utils/bin/gmake -k -j 4 all -O 
 
Building file: "../Practica_02 PAE_Alumnes.c"
Invoking: ARM Compiler
"/home/ricard/ti/ccsv8/tools/compiler/ti-cgt-arm_18.1.2.LTS/bin/armcl" -mv7M4 --code_state=16 --float_support=FPv4SPD16 -me --include_path="/home/ricard/ti/ccsv8/ccs_base/arm/include" --include_path="/home/ricard/ti/ccsv8/ccs_base/arm/include/CMSIS" --include_path="/home/ricard/Dropbox/Universidad/Asignaturas/2018-2019/Programació d'Arquitectures Encastades/CCSWS/P2-PORTS" --include_path="/home/ricard/ti/ccsv8/tools/compiler/ti-cgt-arm_18.1.2.LTS/include" --advice:power=all --define=__MSP432P401R__ --define=ccs -g --gcc --diag_warning=225 --diag_wrap=off --display_error_number --abi=eabi --preproc_with_compile --preproc_dependency="Practica_02 PAE_Alumnes.d_raw"  "../Practica_02 PAE_Alumnes.c"
"../Practica_02 PAE_Alumnes.c", line 239: remark #1532-D: (ULP 5.3) Detected sprintf() operation(s). Recommend moving them to RAM during run time or not using as these are processing/power intensive
Finished building: "../Practica_02 PAE_Alumnes.c"
 
Building target: "P2-PORTS.out"
Invoking: ARM Linker
"/home/ricard/ti/ccsv8/tools/compiler/ti-cgt-arm_18.1.2.LTS/bin/armcl" -mv7M4 --code_state=16 --float_support=FPv4SPD16 -me --advice:power=all --define=__MSP432P401R__ --define=ccs -g --gcc --diag_warning=225 --diag_wrap=off --display_error_number --abi=eabi -z -m"P2-PORTS.map" --heap_size=1024 --stack_size=512 -i"/home/ricard/ti/ccsv8/ccs_base/arm/include" -i"/home/ricard/ti/ccsv8/tools/compiler/ti-cgt-arm_18.1.2.LTS/lib" -i"/home/ricard/ti/ccsv8/tools/compiler/ti-cgt-arm_18.1.2.LTS/include" --reread_libs --diag_wrap=off --display_error_number --warn_sections --xml_link_info="P2-PORTS_linkInfo.xml" --rom_model -o "P2-PORTS.out" "./Practica_02 PAE_Alumnes.obj" "./startup_msp432p401r_ccs.obj" "./system_msp432p401r.obj" "../lib_PAE2.lib" "../msp432p401r.cmd"  -llibc.a 
<Linking>
remark #10371-D: (ULP 1.1) Detected no uses of low power mode state changing instructions
remark #10372-D: (ULP 4.1) Detected uninitialized Port 1 in this project. Recommend initializing all unused ports to eliminate wasted current consumption on unused pins.
remark #10372-D: (ULP 4.1) Detected uninitialized Port 6 in this project. Recommend initializing all unused ports to eliminate wasted current consumption on unused pins.
remark #10372-D: (ULP 4.1) Detected uninitialized Port 8 in this project. Recommend initializing all unused ports to eliminate wasted current consumption on unused pins.
remark #10372-D: (ULP 4.1) Detected uninitialized Port 9 in this project. Recommend initializing all unused ports to eliminate wasted current consumption on unused pins.
remark #10372-D: (ULP 4.1) Detected uninitialized Port 10 in this project. Recommend initializing all unused ports to eliminate wasted current consumption on unused pins.
Finished building target: "P2-PORTS.out"
 

**** Build Finished ****

**** Build of configuration Debug for project P2-PORTS ****

/home/ricard/ti/ccsv8/utils/bin/gmake -k -j 4 all -O 
 
Building file: "../Practica_02 PAE_Alumnes.c"
Invoking: ARM Compiler
"/home/ricard/ti/ccsv8/tools/compiler/ti-cgt-arm_18.1.2.LTS/bin/armcl" -mv7M4 --code_state=16 --float_support=FPv4SPD16 -me --include_path="/home/ricard/ti/ccsv8/ccs_base/arm/include" --include_path="/home/ricard/ti/ccsv8/ccs_base/arm/include/CMSIS" --include_path="/home/ricard/Dropbox/Universidad/Asignaturas/2018-2019/Programació d'Arquitectures Encastades/CCSWS/P2-PORTS" --include_path="/home/ricard/ti/ccsv8/tools/compiler/ti-cgt-arm_18.1.2.LTS/include" --advice:power=all --define=__MSP432P401R__ --define=ccs -g --gcc --diag_warning=225 --diag_wrap=off --display_error_number --abi=eabi --preproc_with_compile --preproc_dependency="Practica_02 PAE_Alumnes.d_raw"  "../Practica_02 PAE_Alumnes.c"
"../Practica_02 PAE_Alumnes.c", line 240: remark #1532-D: (ULP 5.3) Detected sprintf() operation(s). Recommend moving them to RAM during run time or not using as these are processing/power intensive
Finished building: "../Practica_02 PAE_Alumnes.c"
 
Building target: "P2-PORTS.out"
Invoking: ARM Linker
"/home/ricard/ti/ccsv8/tools/compiler/ti-cgt-arm_18.1.2.LTS/bin/armcl" -mv7M4 --code_state=16 --float_support=FPv4SPD16 -me --advice:power=all --define=__MSP432P401R__ --define=ccs -g --gcc --diag_warning=225 --diag_wrap=off --display_error_number --abi=eabi -z -m"P2-PORTS.map" --heap_size=1024 --stack_size=512 -i"/home/ricard/ti/ccsv8/ccs_base/arm/include" -i"/home/ricard/ti/ccsv8/tools/compiler/ti-cgt-arm_18.1.2.LTS/lib" -i"/home/ricard/ti/ccsv8/tools/compiler/ti-cgt-arm_18.1.2.LTS/include" --reread_libs --diag_wrap=off --display_error_number --warn_sections --xml_link_info="P2-PORTS_linkInfo.xml" --rom_model -o "P2-PORTS.out" "./Practica_02 PAE_Alumnes.obj" "./startup_msp432p401r_ccs.obj" "./system_msp432p401r.obj" "../lib_PAE2.lib" "../msp432p401r.cmd"  -llibc.a 
<Linking>
remark #10371-D: (ULP 1.1) Detected no uses of low power mode state changing instructions
remark #10372-D: (ULP 4.1) Detected uninitialized Port 1 in this project. Recommend initializing all unused ports to eliminate wasted current consumption on unused pins.
remark #10372-D: (ULP 4.1) Detected uninitialized Port 6 in this project. Recommend initializing all unused ports to eliminate wasted current consumption on unused pins.
remark #10372-D: (ULP 4.1) Detected uninitialized Port 8 in this project. Recommend initializing all unused ports to eliminate wasted current consumption on unused pins.
remark #10372-D: (ULP 4.1) Detected uninitialized Port 9 in this project. Recommend initializing all unused ports to eliminate wasted current consumption on unused pins.
remark #10372-D: (ULP 4.1) Detected uninitialized Port 10 in this project. Recommend initializing all unused ports to eliminate wasted current consumption on unused pins.
Finished building target: "P2-PORTS.out"
 

**** Build Finished ****

**** Build of configuration Debug for project P2-PORTS ****

/home/ricard/ti/ccsv8/utils/bin/gmake -k -j 4 all -O 
 
gmake[1]: 'P2-PORTS.out' is up to date.

**** Build Finished ****

**** Build of configuration Debug for project P2-PORTS ****

/home/ricard/ti/ccsv8/utils/bin/gmake -k -j 4 all -O 
 
Building file: "../Practica_02 PAE_Alumnes.c"
Invoking: ARM Compiler
"/home/ricard/ti/ccsv8/tools/compiler/ti-cgt-arm_18.1.2.LTS/bin/armcl" -mv7M4 --code_state=16 --float_support=FPv4SPD16 -me --include_path="/home/ricard/ti/ccsv8/ccs_base/arm/include" --include_path="/home/ricard/ti/ccsv8/ccs_base/arm/include/CMSIS" --include_path="/home/ricard/Dropbox/Universidad/Asignaturas/2018-2019/Programació d'Arquitectures Encastades/CCSWS/P2-PORTS" --include_path="/home/ricard/ti/ccsv8/tools/compiler/ti-cgt-arm_18.1.2.LTS/include" --advice:power=all --define=__MSP432P401R__ --define=ccs -g --gcc --diag_warning=225 --diag_wrap=off --display_error_number --abi=eabi --preproc_with_compile --preproc_dependency="Practica_02 PAE_Alumnes.d_raw"  "../Practica_02 PAE_Alumnes.c"
 
>> Compilation failure
subdir_rules.mk:7: recipe for target 'Practica_02 PAE_Alumnes.obj' failed
"../Practica_02 PAE_Alumnes.c", line 328: error #122: a case label may only be used within a switch
"../Practica_02 PAE_Alumnes.c", line 341: error #122: a case label may only be used within a switch
"../Practica_02 PAE_Alumnes.c", line 347: error #122: a case label may only be used within a switch
"../Practica_02 PAE_Alumnes.c", line 416: error #122: a case label may only be used within a switch
"../Practica_02 PAE_Alumnes.c", line 485: error #122: a case label may only be used within a switch
"../Practica_02 PAE_Alumnes.c", line 490: error #122: a case label may only be used within a switch
"../Practica_02 PAE_Alumnes.c", line 495: error #123: a default label may only be used within a switch
"../Practica_02 PAE_Alumnes.c", line 511: error #113: expected "while"
"../Practica_02 PAE_Alumnes.c", line 554: warning #12-D: parsing restarts here after previous syntax error
"../Practica_02 PAE_Alumnes.c", line 554: error #126: expected a "("
"../Practica_02 PAE_Alumnes.c", line 554: error #29: expected an expression
"../Practica_02 PAE_Alumnes.c", line 554: error #18: expected a ")"
"../Practica_02 PAE_Alumnes.c", line 554: error #66: expected a ";"
"../Practica_02 PAE_Alumnes.c", line 310: remark #1532-D: (ULP 5.3) Detected sprintf() operation(s). Recommend moving them to RAM during run time or not using as these are processing/power intensive
"../Practica_02 PAE_Alumnes.c", line 554: error #171: expected a declaration
"../Practica_02 PAE_Alumnes.c", line 567: warning #12-D: parsing restarts here after previous syntax error
"../Practica_02 PAE_Alumnes.c", line 568: error #171: expected a declaration
"../Practica_02 PAE_Alumnes.c", line 599: warning #12-D: parsing restarts here after previous syntax error
"../Practica_02 PAE_Alumnes.c", line 600: error #41: expected an identifier
"../Practica_02 PAE_Alumnes.c", line 600: error #80: expected a type specifier
"../Practica_02 PAE_Alumnes.c", line 600: error #142-D: unnamed prototyped parameters not allowed when body is present
"../Practica_02 PAE_Alumnes.c", line 600: error #131: expected a "{"
18 errors detected in the compilation of "../Practica_02 PAE_Alumnes.c".
gmake: *** [Practica_02 PAE_Alumnes.obj] Error 1
gmake: Target 'all' not remade because of errors.

**** Build Finished ****

**** Build of configuration Debug for project P2-PORTS ****

/home/ricard/ti/ccsv8/utils/bin/gmake -k -j 4 all -O 
 
Building file: "../Practica_02 PAE_Alumnes.c"
Invoking: ARM Compiler
"/home/ricard/ti/ccsv8/tools/compiler/ti-cgt-arm_18.1.2.LTS/bin/armcl" -mv7M4 --code_state=16 --float_support=FPv4SPD16 -me --include_path="/home/ricard/ti/ccsv8/ccs_base/arm/include" --include_path="/home/ricard/ti/ccsv8/ccs_base/arm/include/CMSIS" --include_path="/home/ricard/Dropbox/Universidad/Asignaturas/2018-2019/Programació d'Arquitectures Encastades/CCSWS/P2-PORTS" --include_path="/home/ricard/ti/ccsv8/tools/compiler/ti-cgt-arm_18.1.2.LTS/include" --advice:power=all --define=__MSP432P401R__ --define=ccs -g --gcc --diag_warning=225 --diag_wrap=off --display_error_number --abi=eabi --preproc_with_compile --preproc_dependency="Practica_02 PAE_Alumnes.d_raw"  "../Practica_02 PAE_Alumnes.c"
"../Practica_02 PAE_Alumnes.c", line 310: remark #1532-D: (ULP 5.3) Detected sprintf() operation(s). Recommend moving them to RAM during run time or not using as these are processing/power intensive
"../Practica_02 PAE_Alumnes.c", line 511: remark #1532-D: (ULP 5.3) Detected sprintf() operation(s). Recommend moving them to RAM during run time or not using as these are processing/power intensive
"../Practica_02 PAE_Alumnes.c", line 515: remark #1532-D: (ULP 5.3) Detected sprintf() operation(s). Recommend moving them to RAM during run time or not using as these are processing/power intensive
"../Practica_02 PAE_Alumnes.c", line 519: remark #1532-D: (ULP 5.3) Detected sprintf() operation(s). Recommend moving them to RAM during run time or not using as these are processing/power intensive
"../Practica_02 PAE_Alumnes.c", line 523: remark #1532-D: (ULP 5.3) Detected sprintf() operation(s). Recommend moving them to RAM during run time or not using as these are processing/power intensive
"../Practica_02 PAE_Alumnes.c", line 526: remark #1532-D: (ULP 5.3) Detected sprintf() operation(s). Recommend moving them to RAM during run time or not using as these are processing/power intensive
"../Practica_02 PAE_Alumnes.c", line 535: remark #1532-D: (ULP 5.3) Detected sprintf() operation(s). Recommend moving them to RAM during run time or not using as these are processing/power intensive
"../Practica_02 PAE_Alumnes.c", line 537: remark #1532-D: (ULP 5.3) Detected sprintf() operation(s). Recommend moving them to RAM during run time or not using as these are processing/power intensive
"../Practica_02 PAE_Alumnes.c", line 542: remark #1532-D: (ULP 5.3) Detected sprintf() operation(s). Recommend moving them to RAM during run time or not using as these are processing/power intensive
"../Practica_02 PAE_Alumnes.c", line 545: remark #1532-D: (ULP 5.3) Detected sprintf() operation(s). Recommend moving them to RAM during run time or not using as these are processing/power intensive
"../Practica_02 PAE_Alumnes.c", line 548: remark #1532-D: (ULP 5.3) Detected sprintf() operation(s). Recommend moving them to RAM during run time or not using as these are processing/power intensive
"../Practica_02 PAE_Alumnes.c", line 555: remark #1532-D: (ULP 5.3) Detected sprintf() operation(s). Recommend moving them to RAM during run time or not using as these are processing/power intensive
"../Practica_02 PAE_Alumnes.c", line 557: remark #1532-D: (ULP 5.3) Detected sprintf() operation(s). Recommend moving them to RAM during run time or not using as these are processing/power intensive
"../Practica_02 PAE_Alumnes.c", line 559: remark #1532-D: (ULP 5.3) Detected sprintf() operation(s). Recommend moving them to RAM during run time or not using as these are processing/power intensive
Finished building: "../Practica_02 PAE_Alumnes.c"
 
Building target: "P2-PORTS.out"
Invoking: ARM Linker
"/home/ricard/ti/ccsv8/tools/compiler/ti-cgt-arm_18.1.2.LTS/bin/armcl" -mv7M4 --code_state=16 --float_support=FPv4SPD16 -me --advice:power=all --define=__MSP432P401R__ --define=ccs -g --gcc --diag_warning=225 --diag_wrap=off --display_error_number --abi=eabi -z -m"P2-PORTS.map" --heap_size=1024 --stack_size=512 -i"/home/ricard/ti/ccsv8/ccs_base/arm/include" -i"/home/ricard/ti/ccsv8/tools/compiler/ti-cgt-arm_18.1.2.LTS/lib" -i"/home/ricard/ti/ccsv8/tools/compiler/ti-cgt-arm_18.1.2.LTS/include" --reread_libs --diag_wrap=off --display_error_number --warn_sections --xml_link_info="P2-PORTS_linkInfo.xml" --rom_model -o "P2-PORTS.out" "./Practica_02 PAE_Alumnes.obj" "./startup_msp432p401r_ccs.obj" "./system_msp432p401r.obj" "../lib_PAE2.lib" "../msp432p401r.cmd"  -llibc.a 
<Linking>
remark #10371-D: (ULP 1.1) Detected no uses of low power mode state changing instructions
remark #10372-D: (ULP 4.1) Detected uninitialized Port 1 in this project. Recommend initializing all unused ports to eliminate wasted current consumption on unused pins.
remark #10372-D: (ULP 4.1) Detected uninitialized Port 6 in this project. Recommend initializing all unused ports to eliminate wasted current consumption on unused pins.
remark #10372-D: (ULP 4.1) Detected uninitialized Port 8 in this project. Recommend initializing all unused ports to eliminate wasted current consumption on unused pins.
remark #10372-D: (ULP 4.1) Detected uninitialized Port 9 in this project. Recommend initializing all unused ports to eliminate wasted current consumption on unused pins.
remark #10372-D: (ULP 4.1) Detected uninitialized Port 10 in this project. Recommend initializing all unused ports to eliminate wasted current consumption on unused pins.
Finished building target: "P2-PORTS.out"
 

**** Build Finished ****
